#----------------------------------------
# JasperGold Version Info
# tool      : JasperGold 2015.09
# platform  : Linux 2.6.32-754.9.1.el6.x86_64
# version   : 2015.09 FCS 64 bits
# build date: 2015.09.29 22:07:32 PDT
#----------------------------------------
# started Wed May 01 23:20:41 CDT 2019
# hostname  : wario
# pid       : 12342
# arguments : '-label' 'session_0' '-console' 'wario:45152' '-style' 'windows' '-proj' '/home/ecelrc/students/hchae/verif_labs/project/formal/module_unit/jgproject/sessionLogs/session_0' '-init' '-hidden' '/home/ecelrc/students/hchae/verif_labs/project/formal/module_unit/jgproject/.tmp/.initCmds.tcl' 'add.tcl'

Any disclosure about the Cadence Design Systems software or its use
model to any third party violates the written Non-Disclosure Agreement
between Cadence Design Systems, Inc. and the customer.

THIS SOFTWARE CONTAINS CONFIDENTIAL INFORMATION AND TRADE SECRETS OF
CADENCE DESIGN SYSTEMS, INC. USE, DISCLOSURE, OR REPRODUCTION IS
PROHIBITED WITHOUT THE PRIOR EXPRESS WRITTEN PERMISSION OF CADENCE
DESIGN SYSTEMS, INC.

Copyright (C) 2000-2015 Cadence Design Systems, Inc. All Rights
Reserved.  Unpublished -- rights reserved under the copyright laws of
the United States.

This product includes software developed by others and redistributed
according to license agreement. See doc/third_party_readme.txt for
further details.

RESTRICTED RIGHTS LEGEND

Use, duplication, or disclosure by the Government is subject to
restrictions as set forth in subparagraph (c) (1) (ii) of the Rights in
Technical Data and Computer Software clause at DFARS 252.227-7013 or
subparagraphs (c) (1) and (2) of Commercial Computer Software -- Restricted
Rights at 48 CFR 52.227-19, as applicable.


                          Cadence Design Systems, Inc. 
                          2655 Seely Avenue
                          San Jose, CA 95134
                          Phone: 408.943.1234

For technical assistance visit http://support.cadence.com.

JasperGold Apps Analysis Session - /home/ecelrc/students/hchae/verif_labs/project/formal/module_unit/jgproject/sessionLogs/session_0

INFO: successfully checked out licenses "jasper_interactive" and "jasper_fpv".
INFO: reading configuration file "/home/ecelrc/students/hchae/.config/jasper/jaspergold.conf".
% #Tcl script which can be used with JasperGold
% #Use "source lab4.tcl" in the console to source this script
% 
% clear -all
INFO (IPF121): Cleared environment completely for new design analysis.
% #Reading the files (.v and .sv) 
% analyze -v2k {../rtl/ser_add.v}
ERROR (ESW046): The file "../rtl/ser_add.v" does not exist.

ERROR: problem encountered at line 6 in file add.tcl
% source add.tcl
INFO (IPF121): Cleared environment completely for new design analysis.
[-- (VERI-1482)] Analyzing Verilog file ../../rtl/ser_add.v
[-- (VERI-1482)] Analyzing Verilog file /misc/linuxws/packages/cadence_2016/jasper_2015.09/lib/verilog/packages/std/std.sv into library std
[-- (VERI-1482)] Analyzing Verilog file v_ser_add.sv
INFO (ISW003): Top module name is "ser_add".
[INFO (VERI-1018)] ../../rtl/ser_add.v(2): compiling module ser_add
[INFO (VERI-1018)] v_ser_add.sv(3): compiling module v_ser_add
[INFO] Beginning multiple driver analysis
[INFO] Finished multiple driver analysis
[INFO] Module Name ser_add
INFO (IPM031): Invalidating proof results of all properties in the Property Manager.
INFO (IRS006): Current reset condition is "rst".
INFO (IPF031): Settings used for this proof:
    time_limit                    = 86400s
    per_property_time_limit       = 1s * 10 ^ scan
    engine_mode                   = Hp Ht N B 
    proofgrid_per_engine_max_jobs = 1
    proofgrid_mode                = local
    proofgrid_restarts            = 10
INFO (IPF036): Starting proof on task: "<embedded>", 12 properties to prove with 0 already proven/unreachable
background
INFO (IRS029): Starting reset analysis: phase 1 of 4.
INFO (IRS030): Running reset analysis phase 2 of 4.
INFO (IRS031): Running reset analysis phase 3 of 4.
INFO (IRS020): Starting the reset analysis simulation with a limit of 100 iterations (phase 4 of 4).
INFO (IRS024): Reset iterations 0 to 4 analyzed.
INFO (IRS018): Reset analysis simulation executed for 3 iterations. Assigned values for 1 of 1 design flops, 0 of 0 design latches, 36 of 36 internal elements.
Using multistage preprocessing
Starting reduce
Finished reduce in 0.001s
Performing Proof Simplification...
0.Hp: clocks: 1, declared: 1, disabling: 0, posedge: 1, negedge: 0, noedge: 0, bothedge: 0
0.Hp: Proof Simplification Iteration 1	[0.00 s]
0.Hp: Proof Simplification Iteration 2	[0.00 s]
0.Hp: Proof Simplification Iteration 3	[0.00 s]
Proof Simplification completed in 0.00 s
0.PRE: A proof was found: No trace exists. [0.00 s]
INFO (IPF057): 0.PRE: The property "ser_add.v_ser_add_inst.ov1_q_check" was proven in 0.00 s.
Found proofs for 1 properties in preprocessing
0.Hp: Identified and disabled 3 duplicated targets.
About to start distributed ProofGrid in its own thread with a limit of 20 pending notifications.
ProofGrid usable level: 8
0.N: Proofgrid shell started at 13358@wario(local) jg_12342_wario_1
0.B: Proofgrid shell started at 13359@wario(local) jg_12342_wario_1
0.B: clocks: 1, declared: 1, disabling: 0, posedge: 1, negedge: 0, noedge: 0, bothedge: 0
0.N: clocks: 1, declared: 1, disabling: 0, posedge: 1, negedge: 0, noedge: 0, bothedge: 0
0.N: Next scan (0) will use per property time limit: 1s * 10 ^ 0 = 1s
0.N: Starting proof for property "ser_add.v_ser_add_inst.clr1_ov_check"	[0.00 s].
0.B: Next scan (0) will use per property time limit: 1s * 10 ^ 0 = 1s
0.B: Starting proof for property "ser_add.v_ser_add_inst.clr1_ov_check"	[0.00 s].
0.B: Trace Attempt  1	[0.00 s]
0.N: Trace Attempt  1	[0.00 s]
0.B: Trace Attempt  2	[0.00 s]
0.N: Trace Attempt  1	[0.00 s]
0.B: Trace Attempt  3	[0.00 s]
0.N: Trace Attempt  2	[0.00 s]
0.B: Trace Attempt  4	[0.00 s]
0.N: Trace Attempt  2	[0.00 s]
0.B: A proof was found: No trace exists. [0.00 s]
INFO (IPF057): 0.B: The property "ser_add.v_ser_add_inst.clr1_ov_check" was proven in 0.00 s.
0.B: Starting proof for property "ser_add.v_ser_add_inst.clr1_ov_check:precondition1"	[0.00 s].
0.B: Starting proof for property "ser_add.v_ser_add_inst.clr1_q_check:precondition1"	[0.00 s].
0.N: Trace Attempt  1	[0.00 s]
0.N: Trace Attempt  2	[0.00 s]
0.B: Trace Attempt  1	[0.00 s]
0.B: A trace with 1 cycles was found. [0.00 s]
0.B: A trace with 1 cycles was found. [0.00 s]
INFO (IPF047): 0.B: The cover property "ser_add.v_ser_add_inst.clr1_ov_check:precondition1" was covered in 1 cycles in 0.00 s.
INFO (IPF047): 0.B: The cover property "ser_add.v_ser_add_inst.clr1_q_check:precondition1" was covered in 1 cycles in 0.00 s by the incidental trace "ser_add.v_ser_add_inst.clr1_ov_check:precondition1".
0.B: Starting proof for property "ser_add.v_ser_add_inst.clr1_q_check"	[0.00 s].
0.B: Trace Attempt  1	[0.00 s]
0.B: Trace Attempt  2	[0.00 s]
0.B: Trace Attempt  3	[0.00 s]
0.B: Trace Attempt  4	[0.00 s]
0.B: A proof was found: No trace exists. [0.00 s]
INFO (IPF057): 0.B: The property "ser_add.v_ser_add_inst.clr1_q_check" was proven in 0.00 s.
0.B: Starting proof for property "ser_add.v_ser_add_inst.ov1_ov_check"	[0.00 s].
0.B: Trace Attempt  1	[0.00 s]
0.B: Trace Attempt  2	[0.00 s]
0.B: Trace Attempt  3	[0.00 s]
0.B: Trace Attempt  4	[0.00 s]
0.Hp: Proofgrid shell started at 13356@wario(local) jg_12342_wario_1
0.Ht: Proofgrid shell started at 13357@wario(local) jg_12342_wario_1
0.N: Starting proof for property "ser_add.v_ser_add_inst.clr1_ov_check:precondition1"	[0.00 s].
0.N: Starting proof for property "ser_add.v_ser_add_inst.clr1_q_check:precondition1"	[0.00 s].
0.N: Trace Attempt  1	[0.00 s]
0.N: Starting proof for property "ser_add.v_ser_add_inst.clr1_q_check"	[0.00 s].
0.N: Trace Attempt  1	[0.00 s]
0.N: Trace Attempt  1	[0.00 s]
0.N: Trace Attempt  2	[0.00 s]
0.N: Trace Attempt  2	[0.00 s]
0.N: Trace Attempt  1	[0.00 s]
0.N: Trace Attempt  2	[0.00 s]
0.N: Validation of fixpoint with 0 clauses was successful. Time = 0.00
0.N: Starting proof for property "ser_add.v_ser_add_inst.ov1_ov_check"	[0.00 s].
0.N: Trace Attempt  1	[0.00 s]
0.B: A proof was found: No trace exists. [0.00 s]
INFO (IPF057): 0.B: The property "ser_add.v_ser_add_inst.ov1_ov_check" was proven in 0.00 s.
0.B: Starting proof for property "ser_add.v_ser_add_inst.ov1_ov_check:precondition1"	[0.00 s].
0.B: Starting proof for property "ser_add.v_ser_add_inst.ov1_q_check:precondition1"	[0.00 s].
0.B: Trace Attempt  1	[0.00 s]
0.B: A trace with 1 cycles was found. [0.00 s]
0.B: A trace with 1 cycles was found. [0.00 s]
INFO (IPF047): 0.B: The cover property "ser_add.v_ser_add_inst.ov1_ov_check:precondition1" was covered in 1 cycles in 0.00 s.
INFO (IPF047): 0.B: The cover property "ser_add.v_ser_add_inst.ov1_q_check:precondition1" was covered in 1 cycles in 0.00 s by the incidental trace "ser_add.v_ser_add_inst.ov1_ov_check:precondition1".
0.B: Starting proof for property "ser_add.v_ser_add_inst.ov0_ov_check"	[0.00 s].
0.B: Trace Attempt  1	[0.00 s]
0.B: Trace Attempt  2	[0.00 s]
0.B: Trace Attempt  3	[0.00 s]
0.B: Trace Attempt  4	[0.00 s]
0.B: Trace Attempt  5	[0.00 s]
0.B: Trace Attempt  8	[0.00 s]
0.B: A proof was found: No trace exists. [0.00 s]
INFO (IPF057): 0.B: The property "ser_add.v_ser_add_inst.ov0_ov_check" was proven in 0.00 s.
0.B: Starting proof for property "ser_add.v_ser_add_inst.ov0_ov_check:precondition1"	[0.00 s].
0.B: Starting proof for property "ser_add.v_ser_add_inst.ov0_q_check:precondition1"	[0.00 s].
0.B: Trace Attempt  1	[0.00 s]
0.B: A trace with 1 cycles was found. [0.00 s]
0.B: A trace with 1 cycles was found. [0.00 s]
INFO (IPF047): 0.B: The cover property "ser_add.v_ser_add_inst.ov0_ov_check:precondition1" was covered in 1 cycles in 0.00 s.
INFO (IPF047): 0.B: The cover property "ser_add.v_ser_add_inst.ov0_q_check:precondition1" was covered in 1 cycles in 0.00 s by the incidental trace "ser_add.v_ser_add_inst.ov0_ov_check:precondition1".
0.B: Cluster is entering permanent allocation mode.
0.B: Starting proof for property "ser_add.v_ser_add_inst.ov0_q_check"	[0.00 s].
0.B: Trace Attempt  1	[0.00 s]
0.B: Trace Attempt  2	[0.00 s]
0.B: Trace Attempt  3	[0.00 s]
0.B: Trace Attempt  4	[0.00 s]
0.B: Trace Attempt  5	[0.00 s]
0.B: Trace Attempt  8	[0.00 s]
0.B: A proof was found: No trace exists. [0.00 s]
INFO (IPF057): 0.B: The property "ser_add.v_ser_add_inst.ov0_q_check" was proven in 0.00 s.
0.B: All properties determined. [0.00 s]
Initiating shutdown of proof (@ 0.01 s)
0.Hp: clocks: 1, declared: 1, disabling: 0, posedge: 1, negedge: 0, noedge: 0, bothedge: 0
0.Hp: Trace Attempt  1	[0.00 s]
0.Hp: All properties determined. [0.00 s]
0.Ht: clocks: 1, declared: 1, disabling: 0, posedge: 1, negedge: 0, noedge: 0, bothedge: 0
0.Ht: Trace Attempt  1	[0.00 s]
0.Ht: Trace Attempt  2	[0.00 s]
0.Ht: Trace Attempt  3	[0.00 s]
0.Ht: Trace Attempt  4	[0.00 s]
0.Ht: Trace Attempt  5	[0.00 s]
0.N: Trace Attempt  1	[0.00 s]
0.N: Trace Attempt  2	[0.00 s]
0.N: Trace Attempt  2	[0.00 s]
0.N: Trace Attempt  1	[0.00 s]
0.N: Trace Attempt  2	[0.00 s]
0.N: Validation of fixpoint with 0 clauses was successful. Time = 0.00
0.N: Cluster is entering permanent allocation mode.
0.N: Starting proof for property "ser_add.v_ser_add_inst.ov1_ov_check:precondition1"	[0.00 s].
0.N: Starting proof for property "ser_add.v_ser_add_inst.ov1_q_check:precondition1"	[0.00 s].
0.N: Trace Attempt  1	[0.00 s]
0.N: Starting proof for property "ser_add.v_ser_add_inst.ov0_ov_check"	[0.00 s].
0.N: Trace Attempt  1	[0.00 s]
0.N: Trace Attempt  1	[0.00 s]
0.N: Trace Attempt  2	[0.00 s]
0.N: Trace Attempt  2	[0.00 s]
0.N: Trace Attempt  1	[0.00 s]
0.N: Trace Attempt  2	[0.00 s]
0.N: Validation of fixpoint with 0 clauses was successful. Time = 0.00
0.N: Starting proof for property "ser_add.v_ser_add_inst.ov0_ov_check:precondition1"	[0.00 s].
0.N: Starting proof for property "ser_add.v_ser_add_inst.ov0_q_check:precondition1"	[0.00 s].
0.N: Trace Attempt  1	[0.00 s]
0.N: Starting proof for property "ser_add.v_ser_add_inst.ov0_q_check"	[0.00 s].
0.N: Trace Attempt  1	[0.00 s]
0.N: Trace Attempt  1	[0.00 s]
0.N: Trace Attempt  2	[0.00 s]
0.N: Trace Attempt  2	[0.00 s]
0.N: Trace Attempt  1	[0.00 s]
0.N: Trace Attempt  2	[0.00 s]
0.N: Validation of fixpoint with 0 clauses was successful. Time = 0.00
0.N: All properties determined. [0.00 s]
0.B: Exited with Success (@ 0.01 s)
0.Hp: Exited with Success (@ 0.01 s)
0.Ht: Interrupted (multi)
0.Ht: Trace Attempt 150	[0.01 s]
0.Ht: Interrupted. [0.01 s]
0.N: Exited with Success (@ 0.01 s)
0.Ht: Exited with Success (@ 0.01 s)
ProofGrid usable level: 0
ProofGrid usable level: 0
All pending notifications were processed.
INFO (IPF059): Completed proof on task: <embedded>

==============================================================
SUMMARY
==============================================================
	Properties Considered : 12
	      assertions      : 6
	       - proven       : 6 (100%)
	       - marked_proven: 0 (0%)
	       - cex          : 0 (0%)
	       - ar_cex       : 0 (0%)
	       - undetermined : 0 (0%)
	       - unprocessed  : 0 (0%)
	       - error        : 0 (0%)
	      covers          : 6
	       - unreachable  : 0 (0%)
	       - covered      : 6 (100%)
	       - ar_covered   : 0 (0%)
	       - undetermined : 0 (0%)
	       - unprocessed  : 0 (0%)
	       - error        : 0 (0%)
INFO: Waiting for proof threads to stop...
INFO: Proof threads stopped.
