2019-05-01 23:20:40.829668 (12277) main____ INFO    ----------------------------------------
2019-05-01 23:20:40.830028 (12277) main____ INFO    JasperGold version info
2019-05-01 23:20:40.830053 (12277) main____ INFO      tool      : JasperGold 2015.09
2019-05-01 23:20:40.830073 (12277) main____ INFO      version   : 2015.09 FCS 64 bits
2019-05-01 23:20:40.830088 (12277) main____ INFO      build date: 2015.09.29 22:07:28 PDT
2019-05-01 23:20:40.830100 (12277) main____ INFO    ----------------------------------------
2019-05-01 23:20:40.830110 (12277) main____ INFO    Runtime info:
2019-05-01 23:20:40.830124 (12277) main____ INFO      platform  : Linux 2.6.32-754.9.1.el6.x86_64 x86_64
2019-05-01 23:20:40.830141 (12277) main____ INFO      hostname  : wario
2019-05-01 23:20:40.830153 (12277) main____ INFO      pid       : 12277
2019-05-01 23:20:40.830165 (12277) main____ INFO      arguments : '-style' 'windows' 'add.tcl'
2019-05-01 23:20:40.830175 (12277) main____ INFO    ----------------------------------------
2019-05-01 23:20:40.834151 (12277) lic__man INFO    Claim 'main' for <ui>.
2019-05-01 23:20:40.839361 (12277) lic_core INFO    (1) checking out 'jasper_interactive' ...
2019-05-01 23:20:40.972613 (12277) lic_core INFO    ... (1) checkout succeeded
2019-05-01 23:20:40.972756 (12277) lic__man INFO    Claim 'fpv' for <ui>.
2019-05-01 23:20:40.972793 (12277) lic_core INFO    (2) checking out 'jasper_fpv' ...
2019-05-01 23:20:40.985588 (12277) lic_core INFO    ... (2) checkout succeeded
2019-05-01 23:20:41.478476 (12277) lic__man INFO    Claim 'fpv' for <ui>.
2019-05-01 23:20:41.590374 (12277) lic__man INFO    Unclaim 'fpv' for <ui>.
2019-05-01 23:20:41.590441 (12277) lic__man INFO    Claim 'fpv' for <ui>.
2019-05-01 23:20:41.622542 (12277) session_ INFO    Starting analysis session with session id 'session_0' ...
2019-05-01 23:20:41.626467 (12277) session_ INFO    Analysis session with session id 'session_0' started (pid: 12342)
2019-05-01 23:20:46.077166 (12277) session_ INFO    Analysis session 'session_0' connected to the console (host: 146.6.221.77:56032)
2019-05-01 23:20:47.358114 (12277) lic__man INFO    Unclaim everything for 'session_0*'.
2019-05-01 23:21:09.958087 (12277) lic__man INFO    Unclaim everything for 'session_0*'.
2019-05-01 23:21:11.043049 (12277) lic__man INFO    Unclaim everything for 'session_0*'.
2019-05-01 23:21:11.119367 (12277) lic__man INFO    Claim 'fpv' for 'session_0'.
2019-05-01 23:21:11.240924 (12277) lic__man INFO    Unclaim everything for 'session_0/prove-0'.
2019-05-01 23:29:15.026255 (12277) lic__man INFO    Entering idle state.
2019-05-01 23:39:31.222289 (12277) lic__man INFO    Leaving idle state.
2019-05-01 23:39:31.325279 (12277) main____ INFO    About to exit: requested from GUI
2019-05-01 23:39:31.398335 (12277) main____ INFO    Exiting.
